529
0
0
0
0
0
0
262
204
0
1
1083
0
0
0
5
0
0
0
1616
0
2872
8
0
42
1
125
1302
0
1089
5
0
0
4
4
290
0
2
0
262
0
3114
2871
0
1074
0
28
403
1091
2872
2872
1074
0
5
139
9
1089
53
0
0
0
0
222
0
0
5
0
4187
0
259
73
115
882
0
881
2872
29
226
0
0
26
0
2872
105
881
15
8
16
157
12
2885
1089
0
144
0
2
128
166
0
0
0
103
0
0
31
0
0
20
0
12
0
2871
0
631
0
10
0
0
456
1044
0
320
14
9
0
33
2
79
0
0
0
0
0
0
2871
72
1
166
0
0
0
166
93
173
0
24
0
0
9
5
2870
124
1091
0
0
0
1083
0
0
9
0
31
0
0
0
8
2871
0
0
49
0
1
1091
14
0
5
254
18
0
0
0
266
286
0
0
18
0
0
46
114
0
0
0
64
63
42
62
14
1089
2872
2
0
0
0
0
1089
0
27
125
0
5
0
2716
0
2870
89
190
0
273
529
32
0
0
4
72
0
0
0
0
1083
15
218
977
0
346
885
0
33
3
0
15
1
2872
35
11
633
0
0
0
0
339
0
885
1083
0
132
1622
0
22
0
0
7
611
96
0
290
73
53
0
7
0
1083
0
3631
0
0
114
13
2
76
180
0
18
0
0
2871
3468
0
0
0
1083
77
0
879
0
0
1
12
0
166
0
6
0
3631
346
65
0
0
0
153
932
631
2
0
114
75
0
0
1
0
21
8
0
879
11
0
261
0
1083
0
0
204
262
54
0
1616
273
0
165
0
938
46
2872
0
0
0
403
3115
0
932
3102
43
1074
259
345
0
1
255
1
0
0
1616
0
50
26
0
938
2716
399
2716
286
0
0
0
111
0
9
0
0
631
0
0
3051
0
13
0
2871
0
0
0
0
254
0
0
2871
0
1303
0
265
665
885
56
0
2872
0
2716
0
225
633
0
288
265
2872
9
0
40
0
3
0
0
2871
0
885
11
0
0
1091
2885
0
0
0
14
2872
12
0
0
0
1044
76
0
3114
258
1
630
0
35
0
0
0
0
324
1622
0
16
0
25
0
0
0
630
3631
4
0
0
265
0
259
1
0
46
43
3
0
45
15
3051
149
0
0
175
0
7
0
0
0
33
139
125
0
1089
0
0
5
0
72
0
403
0
1622
748
1074
2872
34
121
42
0
6
204
2
0
107
10
2885
61
262
631
61
0
0
0
0
70
3
0
0
0
0
0
0
30
121
0
0
0
0
266
0
631
0
54
0
0
19
35
272
3
0
631
0
4
0
0
0
0
3115
3
1044
3
23
153
345
0
882
1044
16
0
0
1
46
34
0
0
65
0
266
271
3
0
0
265
120
0
32
10
0
0
0
0
82
1622
0
1
0
1074
6
180
2
34
0
0
0
31
0
882
2871
0
0
0
0
1091
0
0
0
39
0
2872
259
0
0
0
324
631
3
148
0
115
0
0
288
882
1089
2
290
0
0
0
1083
2885
2
0
0
0
1303
0
144
0
271
0
8
0
1616
0
48
0
0
0
53
286
1044
0
0
255
39
35
53
0
27
341
2871
0
114
885
0
1616
0
0
61
19
27
10
259
165
35
0
36
228
0
3631
881
29
1083
70
346
3051
0
70
271
0
1045
153
0
0
0
0
2
0
0
271
0
0
0
79
0
77
2872
0
147
14
18
529
399
33
0
107
22
1
0
2716
177
0
1
0
1089
0
40
0
3
0
89
0
0
1044
265
35
17
3139
266
43
2871
1303
8
51
611
5
0
1
3494
33
1044
1089
27
1303
45
630
50
0
0
1089
2
624
0
2716
0
0
0
16
40
0
104
0
0
218
62
2716
0
0
0
77
7
144
0
0
32
17
0
2
3114
0
0
0
811
0
1091
1044
1089
4999
0
42
3051
259
12
8
20
0
24
7
19
1044
0
1074
0
5
320
1616
1622
3730
156
0
0
0
0
0
0
0
1
38
0
396
2872
630
0
3051
346
3494
271
0
268
70
2872
1303
142
179
0
4
0
1622
882
35
0
18
5
0
17
262
25
0
26
932
0
11
0
34
2716
0
0
0
95
43
10
271
1091
2716
0
881
2872
0
0
14
1093
0
0
59
0
173
4999
4
0
9
0
1615
258
977
0
2872
57
1616
28
0
12
0
49
272
8
977
0
0
273
0
0
0
82
2872
10
5
0
2885
0
3
1616
0
20
324
0
39
4999
938
633
25
2
0
11
0
0
58
278
259
0
0
0
0
3114
0
529
311
1091
1044
0
630
7
346
1074
0
0
17
0
266
0
4
4187
4
885
2885
80
0
2716
0
2716
0
252
0
0
2716
0
125
165
35
0
128
0
0
149
0
2
35
22
0
0
311
32
2716
11
85
885
0
3
23
258
0
3
1
0
0
1044
0
86
2885
0
3
59
34
0
23
60
403
53
147
104
339
0
630
0
0
107
0
0
0
1045
22
1091
2871
35
74
10
82
0
34
4
2885
881
345
21
885
3631
1044
0
0
0
0
148
1
345
0
0
19
0
4999
1
126
0
6
136
1091
15
2885
0
4
121
0
0
0
0
9
1044
2872
1091
7
2871
115
0
882
44
0
173
34
0
1
261
0
1
0
631
262
0
226
74
0
35
258
19
0
2871
3114
0
1089
636
0
0
0
268
0
4999
76
1091
5
1091
1074
175
1090
0
1303
202
633
4187
1622
118
2716
272
19
1083
30
630
0
9
1622
26
5
4
885
29
631
1
0
0
604
0
0
1044
0
24
218
345
3139
1089
2716
107
2872
2
0
2716
0
0
58
2871
0
2872
0
32
2871
0
3631
0
0
14
932
2
2
1089
403
0
0
261
633
2872
0
1083
2716
23
0
1616
611
0
0
0
1091
20
631
0
0
0
0
0
602
3
18
3631
0
23
0
273
0
207
1083
0
0
0
265
0
0
8
0
262
193
43
10
0
631
631
26
1616
0
1
4
8
0
0
2872
3102
3102
0
2716
0
3051
0
2872
4
6
0
2716
1622
2716
65
0
4
357
1074
36
0
0
938
0
49
0
0
885
69
0
0
22
91
1044
7
346
324
47
2872
273
631
29
1089
2872
0
0
0
0
0
1090
0
0
345
2716
0
0
932
604
0
0
0
2871
226
3
0
0
121
2871
1
0
0
2872
1044
42
0
3114
2716
2872
35
0
0
0
4999
228
0
2872
938
1
0
0
0
1303
0
11
0
33
0
0
226
6
0
0
1302
0
17
266
120
0
0
0
456
265
2716
118
529
881
0
0
611
2872
0
0
3114
0
0
0
885
12
24
1616
0
277
0
9
0
885
0
1089
2871
1622
0
0
0
3139
207
2871
0
0
0
0
604
2871
9
1622
0
10
289
1
0
0
1452
135
0
0
22
0
11
0
630
259
0
125
23
4999
10
0
0
879
55
132
7
222
529
0
101
7
2871
0
0
12
17
0
4187
0
6
0
13
258
885
932
218
0
2872
0
630
0
2872
0
1044
48
631
0
266
346
396
259
0
132
259
2885
7
0
1089
40
0
2872
166
0
0
0
977
0
0
2
2
2716
0
71
0
3139
0
174
2
0
42
5
0
1089
0
35
0
267
0
0
33
5
0
128
85
80
0
0
1
22
0
1
3
0
1303
0
0
633
0
0
0
1
0
604
0
0
0
1
885
3
0
0
277
10
101
21
17
3115
12
0
0
4
0
12
1
0
630
1
3
165
5
34
266
73
0
0
265
637
0
0
14
14
3631
118
0
2885
1074
0
1622
0
324
34
287
1622
2871
633
26
0
271
2885
0
0
278
11
149
0
0
114
133
77
0
0
0
0
1044
0
15
1083
0
2871
0
47
0
101
0
0
1622
107
111
3631
9
2716
2872
0
262
0
0
2716
255
32
272
5
32
2871
0
0
0
2872
0
879
0
2871
0
8
0
2872
2871
885
24
3051
0
0
611
8
0
193
345
1074
0
0
0
0
0
4
881
0
147
881
0
977
879
0
0
20
35
0
0
2
22
58
0
156
0
3460
177
3139
0
7
339
25
78
0
12
6
0
0
882
3051
2885
0
1303
0
0
3051
0
1
0
0
27
121
3
0
879
6
271
0
288
34
0
225
1044
0
0
0
0
0
48
0
0
0
0
1044
4
173
56
0
0
0
0
272
0
0
260
0
1044
0
157
1089
107
0
8
0
0
16
1
125
107
80
0
262
125
0
255
0
633
0
1091
49
3115
0
0
262
0
62
0
0
0
162
15
28
33
0
630
0
32
258
125
0
0
53
1044
0
27
0
0
1083
43
0
1622
0
2716
0
1089
882
23
1089
27
2871
1622
107
0
1303
1074
19
87
0
0
0
2885
0
124
0
2871
124
3
0
225
0
0
2872
0
7
2872
0
0
0
0
153
2872
0
0
0
5
0
1616
0
259
16
0
3114
0
35
346
0
0
14
240
1
0
0
3
2716
23
630
3
1616
4
933
0
0
0
226
0
6
0
0
0
3139
0
2
264
34
0
39
3501
630
0
2
0
1622
0
932
0
0
15
630
0
0
35
18
1083
0
0
881
0
0
529
147
0
1
78
17
268
0
35
0
273
631
93
339
5
2872
0
0
0
1616
0
0
977
1622
5
0
2
0
3
3
0
0
125
288
11
22
6
0
4
2871
885
0
938
346
0
0
43
2716
9
0
938
631
0
0
80
56
124
0
0
149
91
24
3
0
3631
1303
0
0
5
9
0
9
42
0
5
6
882
0
0
0
0
2871
36
0
1083
879
0
288
12
0
0
32
10
2871
113
1
177
1074
2872
1616
1089
0
202
14
5
977
0
0
0
18
13
0
1074
2871
62
0
1622
1089
2872
1044
55
23
456
0
0
0
932
1089
881
11
1616
0
0
346
0
0
0
175
0
0
83
54
23
153
9
266
1083
0
0
0
36
74
46
0
18
0
631
0
16
0
0
2872
1303
3
14
0
63
1083
0
67
3115
0
0
2885
1089
0
0
6
1616
3114
1622
0
0
240
0
12
0
885
3
121
1074
3139
1
0
1044
57
0
18
222
180
2871
2716
10
0
0
2872
9
62
0
0
2716
5
3
1074
0
0
0
2871
0
3115
0
0
4999
11
2872
0
18
0
207
0
0
0
12
3460
79
2871
0
3114
0
28
15
403
1089
1044
2
0
1083
2871
49
0
885
630
2
0
6
882
0
0
2885
34
2885
0
0
631
0
0
7
0
290
93
3114
47
0
255
2872
51
2871
0
0
5
0
0
136
0
1
0
0
1070
0
46
0
456
932
2885
0
1074
31
8
637
28
882
1091
175
0
0
341
882
10
93
0
0
0
0
885
19
2716
2872
0
345
630
0
0
240
0
64
0
0
1622
0
2716
1
91
35
0
3631
0
2871
0
0
2871
12
121
2871
1091
70
2871
0
1083
78
0
665
0
262
0
0
2872
2885
1074
32
0
1089
0
0
0
0
24
0
7
272
255
2716
0
93
3139
0
25
1616
0
631
35
0
0
0
278
0
5
265
6
3
0
0
6
0
42
125
14
9
0
0
22
0
0
144
1044
0
881
0
1
0
0
21
222
2872
1089
2871
204
624
0
40
0
72
977
0
0
0
0
0
0
633
147
0
0
20
11
0
0
630
98
89
0
631
0
0
2871
0
0
27
0
630
0
19
0
0
11
0
0
3114
0
0
0
35
56
0
1616
0
0
43
288
3115
2
262
341
2872
1622
8
82
0
262
3
65
83
259
0
111
1091
42
7
136
885
0
15
1616
4
2
0
3631
0
0
1622
28
33
153
228
339
529
268
5
125
0
0
1083
932
3631
0
261
1616
0
17
0
4
0
0
0
20
1482
932
18
271
0
96
7
0
8
345
0
0
0
1044
0
0
938
0
77
30
0
0
24
0
0
2
0
0
1616
0
0
0
8
0
0
107
0
135
977
0
1303
93
0
396
0
0
5
0
0
105
80
0
12
0
166
0
324
14
0
2871
0
3501
27
0
0
1045
126
0
16
69
0
1074
40
879
266
1089
3460
0
175
259
46
3114
0
0
0
24
2
139
2
0
2872
1091
1616
0
7
0
12
0
0
0
0
0
8
0
0
20
165
0
882
0
226
1616
23
0
0
0
1
107
1044
21
0
0
157
0
0
881
0
32
0
0
27
0
17
121
2716
0
0
15
2871
4
0
39
0
52
2
42
0
271
0
0
2871
65
0
0
85
0
7
0
50
0
0
0
0
0
0
0
881
0
23
0
64
9
2
8
2716
2871
0
1083
12
124
0
25
277
7
0
882
125
255
2870
0
630
0
10
5
0
2872
0
0
1044
0
0
0
2716
13
3
0
51
0
0
12
0
18
166
61
65
114
160
0
14
0
3
0
5
0
115
48
31
1
124
0
3114
259
0
885
604
324
0
271
12
80
0
881
1616
0
3114
0
357
0
0
28
0
2872
3115
0
76
34
2
3051
17
288
8
16
226
177
0
23
11
21
0
61
1044
0
0
0
31
0
0
665
0
0
1303
1074
0
77
631
1622
1622
76
0
0
0
16
0
288
175
0
3730
95
209
0
56
177
0
346
0
0
1089
0
149
0
0
273
255
0
1
226
44
881
0
7
0
2872
341
0
3115
0
0
50
0
125
0
1622
0
17
0
26
3114
222
165
0
0
0
3631
258
69
9
341
157
12
0
0
40
103
2716
0
24
3
4
0
105
0
136
13
115
1622
0
12
175
0
1083
0
0
69
0
1302
5
0
7
40
403
0
14
2872
0
0
0
0
0
271
0
3114
882
1089
2
0
2885
0
0
0
0
1089
147
0
2
977
1303
48
345
9
225
265
977
0
2871
175
0
9
631
107
0
241
2885
9
631
0
0
1091
1
157
0
4999
1622
0
7
0
1083
0
104
0
0
1070
0
1
0
631
0
0
34
631
1303
2885
228
49
5
0
43
1045
20
2
264
59
51
0
4999
0
0
39
0
27
11
0
12
1045
2871
34
2872
0
40
3
36
11
0
1
0
0
0
46
0
7
0
1
0
8
1
631
882
36
272
39
0
56
259
3
0
1044
0
1091
24
0
0
0
0
5
59
107
272
0
1089
22
0
114
125
14
0
882
0
1083
3
16
0
885
0
0
0
4
262
72
0
0
0
879
0
0
1074
56
0
2871
630
50
345
3730
633
0
0
0
43
136
0
2871
2872
0
0
14
18
0
0
0
17
0
207
881
6
23
88
266
1074
2716
346
2871
226
149
0
52
1622
4999
882
6
80
630
18
2871
0
3501
977
938
2871
0
977
48
0
9
180
0
0
885
134
0
17
0
80
4187
0
180
34
54
259
0
1091
286
339
62
1302
455
879
0
0
1
2872
0
0
0
0
255
179
2716
2871
80
0
12
0
50
0
4
0
165
48
0
262
0
0
0
40
107
977
1083
3631
0
0
27
0
277
932
11
33
82
0
0
0
1616
0
2885
57
258
1
2871
1083
117
2871
0
0
0
2
105
0
0
17
0
0
0
2716
0
0
9
147
9
17
8
0
1622
29
193
0
345
0
0
0
0
631
3
977
26
4999
0
0
76
0
0
0
0
0
0
0
0
977
0
0
1091
0
2
0
0
12
636
218
0
0
2871
0
3460
0
0
630
11
882
258
45
403
0
0
47
1622
271
1
0
147
1
0
0
0
222
0
0
23
0
271
0
272
40
0
0
10
265
42
0
266
259
3139
0
0
0
44
932
631
0
0
11
2
0
72
259
938
2
149
0
0
2871
885
10
52
0
0
37
0
15
2871
0
65
0
0
24
0
0
0
1
10
3102
2716
0
0
0
0
34
40
1616
0
0
0
1
11
3
0
115
1616
277
29
10
0
0
24
271
0
105
0
5
258
107
14
271
111
259
0
0
254
8
1089
0
0
0
2
0
3631
1
60
399
6
33
0
0
0
1452
240
0
0
882
630
1083
3
49
4999
1083
76
0
0
3
0
0
0
225
58
0
0
26
0
1089
0
43
631
938
0
266
0
121
0
631
0
2716
0
26
0
12
265
4
2716
0
1
0
88
86
53
1083
633
0
932
0
5
9
38
0
5
977
630
0
1089
0
0
16
27
0
1083
3102
0
0
0
0
0
4187
25
3114
0
0
12
0
0
3115
0
4999
0
88
3631
1091
2
1044
76
0
0
288
73
0
0
0
0
166
272
2872
266
611
0
0
271
21
3051
0
0
2
15
0
259
882
6
0
272
58
3631
0
204
0
125
95
345
2871
1616
107
1622
0
0
1074
0
0
264
0
631
0
2885
89
0
32
0
1616
34
2716
15
4187
277
0
24
604
633
0
0
77
0
115
0
0
0
40
2872
0
977
345
0
1089
885
0
18
41
0
120
0
1089
0
0
2872
8
88
1616
0
0
15
0
0
0
0
1622
26
25
0
0
1615
885
19
0
0
0
0
262
2872
5
0
124
258
0
0
2872
7
3460
456
0
222
111
1091
175
166
255
0
1083
633
346
0
0
26
73
0
0
0
0
0
1089
288
0
255
0
162
0
63
33
1
56
0
272
0
76
633
0
0
0
2716
0
2
2716
33
4
938
0
0
0
25
35
631
0
4
0
0
7
46
75
0
7
50
0
3631
54
7
0
0
345
2871
4
1
0
0
0
38
0
885
2871
4
665
204
1089
0
2872
0
0
105
0
1044
2716
1
272
27
9
2872
0
31
631
2871
33
3115
0
0
24
58
0
0
0
0
357
24
207
0
0
1074
1615
0
0
0
1
59
0
177
15
30
0
271
2871
5
137
124
0
932
2872
10
0
1091
0
5
0
1044
218
0
104
0
0
0
128
52
885
0
255
0
1074
0
0
0
932
63
0
107
0
0
0
261
2885
0
2871
882
881
0
9
0
12
0
0
17
0
0
22
259
0
7
0
2716
4
0
0
0
0
0
258
1
8
3
4
111
1616
10
0
19
5
0
1083
1089
110
1044
272
0
882
0
396
0
1089
399
0
33
0
0
32
190
0
2
631
0
0
153
0
0
932
19
19
0
885
0
0
69
0
0
0
0
268
0
13
0
0
1622
16
0
2872
27
0
123
11
35
0
0
34
0
2871
0
268
0
258
938
4
4
3139
3
0
35
42
2
1089
1070
2872
0
0
0
2885
0
0
0
4999
885
0
0
6
0
26
180
259
3139
136
1
0
0
0
0
134
56
1
54
3115
45
0
0
9
0
0
11
83
0
0
30
0
0
0
0
1
39
0
0
9
70
0
0
55
631
8
0
0
12
5
1074
0
0
29
62
37
9
0
12
0
47
254
0
271
34
120
0
0
10
0
165
0
0
1074
0
1622
0
0
180
0
74
0
46
196
3
529
0
0
2871
0
4999
0
8
225
3
0
1616
529
59
1091
0
0
3631
0
0
0
0
0
17
0
0
611
1
0
630
218
933
175
1
0
0
0
265
1089
259
0
162
1
31
147
21
3631
0
0
3115
0
0
0
0
2872
0
70
0
0
18
0
226
4999
91
87
4
0
14
1622
50
18
2
266
0
74
0
1622
73
80
156
3102
0
13
0
345
18
77
2885
265
3
34
1089
3
42
0
125
0
1089
0
630
121
153
0
7
0
5
38
0
0
0
125
0
18
111
0
23
3114
288
264
0
3
1622
29
0
1044
0
0
271
399
10
259
0
2871
3115
271
147
47
0
226
0
17
0
0
0
0
0
266
0
0
0
0
0
938
62
0
264
0
0
2872
0
53
30
27
82
173
1
882
82
4
0
0
107
2871
93
0
27
0
0
17
0
114
10
47
266
324
0
0
0
1
0
1074
2885
0
228
0
2885
0
0
0
0
135
11
881
0
0
0
0
0
0
0
0
262
2
0
9
12
0
34
0
2872
0
35
0
0
1083
148
0
27
40
0
885
10
0
0
885
209
345
1622
114
0
631
2871
3115
0
8
0
1
264
1089
0
0
1616
665
36
0
1303
0
0
0
0
162
27
0
0
2872
0
2872
5
0
96
0
266
938
0
266
0
47
0
1044
2716
0
266
0
147
1044
0
259
13
70
0
1044
0
0
166
23
1616
0
240
1044
218
0
14
1044
26
1083
0
0
2
2871
885
1
0
3730
0
21
0
0
128
7
33
1
2716
0
0
611
2
9
2871
225
265
0
0
0
10
0
1044
175
2872
1089
0
43
0
2716
0
881
0
3115
1303
63
0
260
1074
2872
46
0
0
0
0
18
2716
0
62
32
2
0
0
11
0
118
0
0
0
39
0
2716
0
0
121
40
165
0
885
197
0
42
0
7
5
1091
0
399
604
0
0
261
0
75
218
0
2885
1044
136
2872
14
0
83
5
882
0
0
339
9
0
1622
60
0
3
0
111
0
345
0
0
0
0
0
1
0
0
262
0
265
139
0
18
885
0
0
0
0
451
977
0
0
73
345
148
4187
2
1089
0
1
124
0
83
2872
0
0
0
1
157
346
0
0
0
56
15
1074
175
268
0
0
2
0
0
0
0
48
6
0
0
218
0
1303
3115
0
277
20
4999
2
0
39
13
0
1044
3631
14
1074
7
137
2871
9
0
0
0
0
1091
56
0
265
3
1622
156
0
0
0
4187
2872
2716
0
104
0
12
36
2872
0
2716
166
0
67
12
0
34
56
60
288
259
37
0
20
0
1
1091
2716
0
19
0
135
0
1044
208
0
631
124
261
1
0
2716
11
1
65
881
4999
0
0
0
0
1089
0
23
1303
19
0
0
0
1045
55
0
0
76
0
0
0
5
0
266
339
1074
611
255
26
0
9
77
0
0
0
19
882
0
264
65
73
631
1074
7
222
1
0
6
0
0
4
18
13
1622
12
290
0
0
13
0
0
3
3
17
82
2872
5
0
0
136
147
0
0
0
265
0
0
0
9
0
1
0
3
271
258
0
2871
107
2
0
0
0
1622
5
0
64
33
0
26
1
324
0
190
0
1044
207
0
27
0
139
529
938
1
3139
324
8
0
2871
451
46
1044
0
0
1044
0
0
271
2872
38
6
1044
0
0
0
59
0
0
977
13
27
0
13
0
0
5
121
1070
0
0
1
30
2872
2872
4
22
0
259
2
2872
265
177
0
5
262
0
341
12
83
0
0
271
107
175
0
0
0
320
403
2872
3
0
252
0
17
48
0
1089
0
5
0
0
0
48
0
885
26
0
0
225
938
63
0
0
5
46
0
1084
2716
0
33
0
0
0
0
0
0
8
82
0
0
2
4
1
144
107
30
1089
1616
5
0
0
2885
2885
255
4
1070
5
2871
0
0
0
0
0
633
0
67
47
2885
0
177
0
30
93
1622
0
3501
611
1622
50
0
1089
50
139
885
0
0
0
25
0
267
1622
0
0
2
0
18
0
26
3
0
0
162
1
14
0
0
5
0
1
0
0
11
3114
26
1
0
21
259
346
226
0
346
611
28
0
0
52
10
0
99
1
5
1
0
0
1
107
1622
202
15
631
43
0
0
0
0
1
0
136
0
139
2885
0
0
0
0
137
55
2872
22
1044
12
3
0
0
0
3631
0
0
1045
0
630
271
11
0
0
2871
0
2
265
0
0
1091
345
0
36
0
290
604
630
51
34
13
1044
4
0
0
0
665
83
10
0
14
0
0
0
3631
630
1091
3494
4999
2872
885
1074
1302
938
1074
0
1616
31
33
938
41
2871
665
604
0
204
70
1616
0
0
0
2
0
932
18
0
4
2
0
0
0
226
346
2872
165
0
0
0
0
26
3115
0
3115
1089
123
2885
885
0
0
288
4
0
2885
0
0
15
0
0
0
3115
1089
125
0
31
3115
0
27
4
0
9
615
0
2872
0
0
0
0
60
0
0
209
0
2872
0
1091
2
28
4
117
0
3
0
0
2872
0
0
56
0
77
1089
6
22
0
0
0
345
630
0
1303
14
0
0
34
4999
3
25
2
0
4
77
0
0
290
76
0
259
0
105
0
228
0
0
0
0
24
2872
0
0
0
0
2716
0
4
2885
7
0
16
12
30
0
20
5
22
885
2871
73
218
0
0
13
16
0
12
82
0
42
1091
8
1303
