0
0
60
123
13
52
0
111
27
12
60
17
2
0
5
123
111
18
60
199
76
15
42
20
0
0
0
0
0
0
199
60
0
100
123
52
0
0
23
123
0
76
15
48
0
10
0
0
0
123
0
5
0
0
0
13
43
60
0
17
17
0
1
20
17
0
0
0
0
0
76
137
117
0
49
49
5
111
0
60
2
22
0
20
111
199
0
0
123
1
1
60
76
1
100
0
0
123
0
28
18
0
0
0
0
199
123
100
123
18
0
0
76
10
0
0
49
199
111
23
77
111
127
0
0
13
42
199
0
2
0
2
0
111
123
111
0
123
111
0
0
0
0
0
60
28
18
130
199
4
49
0
0
199
0
199
111
111
8
0
11
199
199
199
0
0
0
18
29
111
111
111
0
14
123
0
15
0
0
43
0
10
111
0
17
19
111
0
199
101
1
0
0
60
8
48
6
111
0
2
